{"logTime": "0415/181017", "correlationVector":"xlw2tgYDBup4UrlEgOhOoq.1","action":"SyncServerConnectionManagerRequest", "result":"SYNC_SERVER_OK", "context":{"environment":"Prod_germanywestcentral_prod-s01-011-eur-germanywestcentral", "migrationStage":"NotStarted", "server":"akswtt00300000t"}}
{"logTime": "0415/181017", "correlationVector":"xlw2tgYDBup4UrlEgOhOoq.2","action":"ProcessGetUpdates", "result":"Done", "context":{"dataType":"Encryption Keys", "deleted":"0", "process_failed_to_decrypt":"0", "process_pending_decryption":"0", "process_success":"1", "total":"1"}}
{"logTime": "0415/181018", "correlationVector":"r1HcbrezY0BtCHU3pwxKN/","action":"SyncServerConnectionManagerRequest", "result":"SYNC_SERVER_OK", "context":{"environment":"", "migrationStage":"", "server":""}}
{"logTime": "0415/181018", "correlationVector":"r1HcbrezY0BtCHU3pwxKN/.0","action":"EncryptionKeysFetcher.DownloadKeys:", "result":"Success", "context":Key count: 5, Last key timestamp: 2025-11-25T11:11:11Z}
{"logTime": "0415/181018", "correlationVector":"r1HcbrezY0BtCHU3pwxKN/.1","action":"EncryptionKeysManager::SetEncryptionKeys:", "result":"Success", "context":Key names[5]:[87leKNbBmT0PP7puhejXfEiEL/fkxSovikR3N6pMck/pRsuaYAJhNwyH3y9pdYt3zHGwPghGlONserkqbNnRDg==][o8hSbUEXhdfgRYqlhQnWVMpjQNgPt2BQ4rYV6VDZv2ppKKNQjBhsoT0CRLuyYexpsa/HyPyZ3gc9r8xEmEaafg==][XCpisfR1ADlbDgwYXdRDR7Ofwz0bBdFXe9K0R+zsuHCKmFBOqBAAudLzpzk4CVX9m1wvpDyNDa/5AzELyPIj0w==][g0L1B0lv/jopyhcCkK8dRRB5mBf6O7rN/7BeSfqP5mRkcxTc3dkErZ5r8weusfom8rLdLeoY/ZZGdW8obmCHOw==][uS292SjVq+d76sBguZvbh7QLlnRR4pscYWixssp6MhMpkgmTtmxMrjU2wcrlzZxxxs8Knnl0kKvS/MagHHHtuA==]}
{"logTime": "0415/181018", "correlationVector":"r1HcbrezY0BtCHU3pwxKN/.2","action":"EncryptionKeysManager::SetEncryptionKeysWithTimestamps:", "result":"Success", "context":Key timestamps[5]:[2023-09-26T19:09:27Z][2024-03-25T21:28:44Z][2024-09-22T08:48:03Z][2025-04-22T15:05:42Z][2025-11-25T11:11:11Z]}
{"logTime": "0415/181018", "correlationVector":"xlw2tgYDBup4UrlEgOhOoq","action":"Initial GetUpdates", "result":"", "context":Reason: NEW_CLIENT. cV=xlw2tgYDBup4UrlEgOhOoq}
{"logTime": "0415/181018", "correlationVector":"xlw2tgYDBup4UrlEgOhOoq.3","action":"GetUpdates Response", "result":"Success", "context":Received 1 update(s). cV=xlw2tgYDBup4UrlEgOhOoq.0;server=akswtt00300000t;cloudType=Consumer;environment=Prod_germanywestcentral_prod-s01-011-eur-germanywestcentral;migrationStage=NotStarted}
{"logTime": "0415/181018", "correlationVector":"9XtW9gCOF7ErZArklIJ0cu","action":"Initial GetUpdates", "result":"", "context":Reason: NEWLY_SUPPORTED_DATATYPE. cV=9XtW9gCOF7ErZArklIJ0cu}
{"logTime": "0415/181018", "correlationVector":"9XtW9gCOF7ErZArklIJ0cu.1","action":"SyncServerConnectionManagerRequest", "result":"SYNC_SERVER_OK", "context":{"environment":"Prod_germanywestcentral_prod-s01-011-eur-germanywestcentral", "migrationStage":"NotStarted", "server":"akswtt003000000"}}
{"logTime": "0415/181018", "correlationVector":"9XtW9gCOF7ErZArklIJ0cu.2","action":"ProcessGetUpdates", "result":"Done", "context":{"dataType":"Preferences", "deleted":"0", "process_failed_to_decrypt":"0", "process_pending_decryption":"0", "process_success":"64", "total":"64"}}
{"logTime": "0415/181018", "correlationVector":"9XtW9gCOF7ErZArklIJ0cu.3","action":"ProcessGetUpdates", "result":"Done", "context":{"dataType":"Passwords", "deleted":"0", "process_failed_to_decrypt":"0", "process_pending_decryption":"0", "process_success":"1", "total":"1"}}
{"logTime": "0415/181018", "correlationVector":"9XtW9gCOF7ErZArklIJ0cu.4","action":"ProcessGetUpdates", "result":"Done", "context":{"dataType":"Device Info", "deleted":"0", "process_failed_to_decrypt":"0", "process_pending_decryption":"0", "process_success":"4", "total":"4"}}
{"logTime": "0415/181018", "correlationVector":"9XtW9gCOF7ErZArklIJ0cu.5","action":"GetUpdates Response", "result":"Success", "context":Received 69 update(s). cV=9XtW9gCOF7ErZArklIJ0cu.0;server=akswtt003000000;cloudType=Consumer;environment=Prod_germanywestcentral_prod-s01-011-eur-germanywestcentral;migrationStage=NotStarted}
{"logTime": "0415/181018", "correlationVector":"YKlxc/bo+4RTzm1pfwdPqf","action":"Initial GetUpdates", "result":"", "context":Reason: NEWLY_SUPPORTED_DATATYPE. cV=YKlxc/bo+4RTzm1pfwdPqf}
{"logTime": "0415/181018", "correlationVector":"YKlxc/bo+4RTzm1pfwdPqf.1","action":"SyncServerConnectionManagerRequest", "result":"SYNC_SERVER_OK", "context":{"environment":"Prod_germanywestcentral_prod-s01-011-eur-germanywestcentral", "migrationStage":"NotStarted", "server":"akswtt003000003"}}
{"logTime": "0415/181018", "correlationVector":"YKlxc/bo+4RTzm1pfwdPqf.2","action":"ProcessGetUpdates", "result":"Done", "context":{"dataType":"Bookmarks", "deleted":"0", "process_failed_to_decrypt":"0", "process_pending_decryption":"0", "process_success":"6", "total":"6"}}
{"logTime": "0415/181018", "correlationVector":"YKlxc/bo+4RTzm1pfwdPqf.3","action":"GetUpdates Response", "result":"Success", "context":Received 6 update(s). cV=YKlxc/bo+4RTzm1pfwdPqf.0;server=akswtt003000003;cloudType=Consumer;environment=Prod_germanywestcentral_prod-s01-011-eur-germanywestcentral;migrationStage=NotStarted}
{"logTime": "0415/181018", "correlationVector":"PNsTGe7/LFfcWBw3QvAMwP","action":"Initial GetUpdates", "result":"", "context":Reason: NEWLY_SUPPORTED_DATATYPE. cV=PNsTGe7/LFfcWBw3QvAMwP}
{"logTime": "0415/181018", "correlationVector":"PNsTGe7/LFfcWBw3QvAMwP.1","action":"SyncServerConnectionManagerRequest", "result":"SYNC_SERVER_OK", "context":{"environment":"Prod_germanywestcentral_prod-s01-011-eur-germanywestcentral", "migrationStage":"NotStarted", "server":"akswtt00300000b"}}
{"logTime": "0415/181018", "correlationVector":"PNsTGe7/LFfcWBw3QvAMwP.2","action":"ProcessGetUpdates", "result":"Done", "context":{"dataType":"Autofill", "deleted":"0", "process_failed_to_decrypt":"0", "process_pending_decryption":"0", "process_success":"4", "total":"4"}}
{"logTime": "0415/181018", "correlationVector":"PNsTGe7/LFfcWBw3QvAMwP.3","action":"ProcessGetUpdates", "result":"Done", "context":{"dataType":"Sessions", "deleted":"19", "process_failed_to_decrypt":"0", "process_pending_decryption":"0", "process_success":"21", "total":"21"}}
{"logTime": "0415/181018", "correlationVector":"PNsTGe7/LFfcWBw3QvAMwP.4","action":"GetUpdates Response", "result":"Success", "context":Received 25 update(s). cV=PNsTGe7/LFfcWBw3QvAMwP.0;server=akswtt00300000b;cloudType=Consumer;environment=Prod_germanywestcentral_prod-s01-011-eur-germanywestcentral;migrationStage=NotStarted}
{"logTime": "0415/181018", "correlationVector":"ABypqJjihI166qqlhHv5ck","action":"Initial GetUpdates", "result":"", "context":Reason: NEWLY_SUPPORTED_DATATYPE. cV=ABypqJjihI166qqlhHv5ck}
{"logTime": "0415/181018", "correlationVector":"ABypqJjihI166qqlhHv5ck.1","action":"SyncServerConnectionManagerRequest", "result":"SYNC_SERVER_OK", "context":{"environment":"Prod_germanywestcentral_prod-s01-011-eur-germanywestcentral", "migrationStage":"NotStarted", "server":"akswtt003000002"}}
{"logTime": "0415/181018", "correlationVector":"ABypqJjihI166qqlhHv5ck.2","action":"ProcessGetUpdates", "result":"Done", "context":{"dataType":"History", "deleted":"0", "process_failed_to_decrypt":"0", "process_pending_decryption":"0", "process_success":"10", "total":"10"}}
{"logTime": "0415/181018", "correlationVector":"ABypqJjihI166qqlhHv5ck.3","action":"GetUpdates Response", "result":"Success", "context":Received 10 update(s). cV=ABypqJjihI166qqlhHv5ck.0;server=akswtt003000002;cloudType=Consumer;environment=Prod_germanywestcentral_prod-s01-011-eur-germanywestcentral;migrationStage=NotStarted}
{"logTime": "0415/181018", "correlationVector":"KUdyOmMPqfZDCg7LBXFYhQ","action":"Normal GetUpdate request", "result":"", "context":cV=KUdyOmMPqfZDCg7LBXFYhQ
Nudged types: Sessions, Device Info, User Consents
Refresh requested types: Bookmarks, Preferences, Passwords, Autofill Profiles, Autofill, Extensions, Sessions, Extension settings, History Delete Directives, Device Info, User Consents, Send Tab To Self, Web Apps, History, Saved Tab Group, WebAuthn Credentials, Collection, Edge E Drop, Edge Hub App Usage, Edge Wallet, Edge Workspace, Encryption Keys}
{"logTime": "0415/181019", "correlationVector":"KUdyOmMPqfZDCg7LBXFYhQ.1","action":"SyncServerConnectionManagerRequest", "result":"SYNC_SERVER_OK", "context":{"environment":"Prod_germanywestcentral_prod-s01-011-eur-germanywestcentral", "migrationStage":"NotStarted", "server":"akswtt003000000"}}
{"logTime": "0415/181019", "correlationVector":"KUdyOmMPqfZDCg7LBXFYhQ.2","action":"GetUpdates Response", "result":"Success", "context":Received 0 update(s). cV=KUdyOmMPqfZDCg7LBXFYhQ.0;server=akswtt003000000;cloudType=Consumer;environment=Prod_germanywestcentral_prod-s01-011-eur-germanywestcentral;migrationStage=NotStarted}
{"logTime": "0415/181019", "correlationVector":"ZKXGhfnHk0n1dZHOKc6Eb9","action":"DoCompareDataConsistency requsted types: ", "result":"Bookmarks, Preferences, Passwords, Extensions, Extension settings, History Delete Directives, Send Tab To Self, Web Apps, History, Saved Tab Group, WebAuthn Credentials, Collection, Edge E Drop, Edge Wallet, Edge Workspace, Encryption Keys"}
{"logTime": "0415/181019", "correlationVector":"ZKXGhfnHk0n1dZHOKc6Eb9.0","action":"CompareDataConsistency result: ", "result":"Compare result: Encryption Keys is consistent. local entities count is: 1 local entities hash is: 1fSmRIFgWgxnDI4+onRpaCgplvI="}
{"logTime": "0415/181019", "correlationVector":"ZKXGhfnHk0n1dZHOKc6Eb9.1","action":"CompareDataConsistency result: ", "result":"Compare result: Bookmarks is consistent. local entities count is: 0 local entities hash is: "}
{"logTime": "0415/181019", "correlationVector":"ZKXGhfnHk0n1dZHOKc6Eb9.2","action":"CompareDataConsistency result: ", "result":"Compare result: Preferences is consistent. local entities count is: 64 local entities hash is: WZBXZwIPJZhIC9fVkMiYr/lHIfc="}
{"logTime": "0415/181019", "correlationVector":"ZKXGhfnHk0n1dZHOKc6Eb9.3","action":"CompareDataConsistency result: ", "result":"Compare result: Extensions is consistent. local entities count is: 0 local entities hash is: "}
{"logTime": "0415/181019", "correlationVector":"ZKXGhfnHk0n1dZHOKc6Eb9.4","action":"CompareDataConsistency result: ", "result":"Compare result: Extension settings is consistent. local entities count is: 0 local entities hash is: "}
{"logTime": "0415/181019", "correlationVector":"ZKXGhfnHk0n1dZHOKc6Eb9.5","action":"CompareDataConsistency result: ", "result":"Compare result: History Delete Directives is consistent. local entities count is: 0 local entities hash is: "}
{"logTime": "0415/181019", "correlationVector":"ZKXGhfnHk0n1dZHOKc6Eb9.6","action":"CompareDataConsistency result: ", "result":"Server did not send this Send Tab To Self local entities count is: 0 local entities hash is: "}
{"logTime": "0415/181019", "correlationVector":"ZKXGhfnHk0n1dZHOKc6Eb9.7","action":"CompareDataConsistency result: ", "result":"Compare result: Web Apps is consistent. local entities count is: 0 local entities hash is: "}
{"logTime": "0415/181019", "correlationVector":"ZKXGhfnHk0n1dZHOKc6Eb9.8","action":"CompareDataConsistency result: ", "result":"Server did not send this History local entities count is: 0 local entities hash is: "}
{"logTime": "0415/181019", "correlationVector":"ZKXGhfnHk0n1dZHOKc6Eb9.9","action":"CompareDataConsistency result: ", "result":"Compare result: Saved Tab Group is consistent. local entities count is: 0 local entities hash is: "}
{"logTime": "0415/181019", "correlationVector":"ZKXGhfnHk0n1dZHOKc6Eb9.10","action":"CompareDataConsistency result: ", "result":"Server did not send this WebAuthn Credentials local entities count is: 0 local entities hash is: "}
{"logTime": "0415/181019", "correlationVector":"ZKXGhfnHk0n1dZHOKc6Eb9.11","action":"CompareDataConsistency result: ", "result":"Compare result: Collection is consistent. local entities count is: 0 local entities hash is: "}
{"logTime": "0415/181019", "correlationVector":"ZKXGhfnHk0n1dZHOKc6Eb9.12","action":"CompareDataConsistency result: ", "result":"Compare result: Edge E Drop is consistent. local entities count is: 0 local entities hash is: "}
{"logTime": "0415/181019", "correlationVector":"ZKXGhfnHk0n1dZHOKc6Eb9.13","action":"CompareDataConsistency result: ", "result":"Compare result: Edge Wallet is consistent. local entities count is: 0 local entities hash is: "}
{"logTime": "0415/181019", "correlationVector":"ZKXGhfnHk0n1dZHOKc6Eb9.14","action":"CompareDataConsistency result: ", "result":"Server did not send this Edge Workspace local entities count is: 0 local entities hash is: "}
{"logTime": "0415/181019", "correlationVector":"ZKXGhfnHk0n1dZHOKc6Eb9.15","action":"CompareDataConsistency result: ", "result":"Compare result: Passwords is consistent. local entities count is: 1 local entities hash is: vWnz2O0WUVeUtBH+H/6NAyek/Qs="}
{"logTime": "0415/181019", "correlationVector":"Sul96/CpTfXUknD5p1Wisn","action":"Commit Request", "result":"", "context":Item count: 4
Contributing types: Sessions, Device Info, User Consents}
{"logTime": "0415/181019", "correlationVector":"Sul96/CpTfXUknD5p1Wisn.1","action":"SyncServerConnectionManagerRequest", "result":"SYNC_SERVER_OK", "context":{"environment":"Prod_germanywestcentral_prod-s01-011-eur-germanywestcentral", "migrationStage":"NotStarted", "server":"akswtt003000000"}}
{"logTime": "0415/181019", "correlationVector":"Sul96/CpTfXUknD5p1Wisn.2","action":"Commit Response", "result":"Success", "context":Result: Success. cV=Sul96/CpTfXUknD5p1Wisn.0;server=akswtt003000000;cloudType=Consumer;environment=Prod_germanywestcentral_prod-s01-011-eur-germanywestcentral;migrationStage=NotStarted}
{"logTime": "0415/181019", "correlationVector":"","action":"DIAGNOSTIC_REQUEST|v1/diagnosticData/Diagnostic.SendCheckResult()|SUCCESS", "result":""}
